{
  "RSpec": {
    "coverage": {
      "/Users/tandoan/turing/FeedEngine/spec/support/factory_girl.rb": [
        1,
        1,
        null
      ],
      "/Users/tandoan/turing/FeedEngine/spec/support/omniauth.rb": [
        1,
        6,
        null,
        null,
        null,
        null,
        null,
        null,
        null,
        null,
        null,
        null,
        null,
        null,
        6,
        null,
        null,
        null,
        null,
        null,
        null,
        null,
        null,
        null,
        null,
        null,
        null,
        null,
        1,
        6,
        6,
        6,
        6,
        null
      ],
      "/Users/tandoan/turing/FeedEngine/app/controllers/api/v1/fitbit_goals_controller.rb": [
        1,
        1,
        1,
        1,
        null,
        null,
        1,
        1,
        1,
        null,
        null
      ],
      "/Users/tandoan/turing/FeedEngine/app/controllers/application_controller.rb": [
        1,
        null,
        null,
        1,
        1,
        null,
        null,
        1,
        225,
        207,
        null,
        null,
        null
      ],
      "/Users/tandoan/turing/FeedEngine/spec/controllers/api/v1/github_goals_controller_spec.rb": [
        1,
        null,
        1,
        null,
        null
      ],
      "/Users/tandoan/turing/FeedEngine/app/controllers/api/v1/github_goals_controller.rb": [
        1,
        null,
        1,
        1,
        1,
        null,
        null,
        1,
        1,
        1,
        null,
        null
      ],
      "/Users/tandoan/turing/FeedEngine/spec/controllers/api/v1/users_controller_spec.rb": [
        1,
        null,
        1,
        null,
        null
      ],
      "/Users/tandoan/turing/FeedEngine/app/controllers/api/v1/users_controller.rb": [
        1,
        1,
        1,
        1,
        null,
        null,
        1,
        1,
        1,
        null,
        null,
        null
      ],
      "/Users/tandoan/turing/FeedEngine/spec/controllers/githubs_controller_spec.rb": [
        1,
        null,
        1,
        null,
        null
      ],
      "/Users/tandoan/turing/FeedEngine/app/controllers/githubs_controller.rb": [
        1,
        1,
        1,
        null,
        1,
        null,
        null
      ],
      "/Users/tandoan/turing/FeedEngine/spec/controllers/goodreads_controller_spec.rb": [
        1,
        null,
        1,
        null,
        null
      ],
      "/Users/tandoan/turing/FeedEngine/app/controllers/goodreads_controller.rb": [
        1,
        null,
        null,
        null,
        null,
        null,
        null,
        null,
        1,
        0,
        null,
        0,
        null,
        null
      ],
      "/Users/tandoan/turing/FeedEngine/spec/features/github_goals_spec.rb": [
        1,
        null,
        1,
        1,
        null,
        null,
        null,
        1,
        4,
        4,
        null,
        null,
        5,
        5,
        null,
        1,
        1,
        1,
        1,
        null,
        null,
        null,
        1,
        1,
        1,
        1,
        1,
        1,
        1,
        1,
        1,
        1,
        null,
        null,
        1,
        1,
        1,
        1,
        null,
        1,
        1,
        null,
        null,
        1,
        1,
        1,
        1,
        1,
        1,
        1,
        1,
        1,
        1,
        null,
        null,
        1,
        1,
        1,
        null,
        1,
        1,
        1,
        1,
        null,
        null,
        null,
        null
      ],
      "/Users/tandoan/turing/FeedEngine/spec/features/twitter_oauth_spec.rb": [
        1,
        null,
        1,
        null,
        1,
        1,
        1,
        1,
        1,
        1,
        null,
        null,
        null,
        1,
        1,
        1,
        1,
        1,
        1,
        null,
        null,
        null
      ],
      "/Users/tandoan/turing/FeedEngine/spec/features/user_login_spec.rb": [
        1,
        null,
        1,
        1,
        1,
        1,
        null,
        null
      ],
      "/Users/tandoan/turing/FeedEngine/spec/features/user_logout_spec.rb": [

      ],
      "/Users/tandoan/turing/FeedEngine/spec/helpers/api/v1/github_goals_helper_spec.rb": [
        1,
        null,
        null,
        null,
        null,
        null,
        null,
        null,
        null,
        null,
        null,
        null,
        1,
        1,
        null
      ],
      "/Users/tandoan/turing/FeedEngine/spec/helpers/api/v1/users_helper_spec.rb": [
        1,
        null,
        null,
        null,
        null,
        null,
        null,
        null,
        null,
        null,
        null,
        null,
        1,
        1,
        null
      ],
      "/Users/tandoan/turing/FeedEngine/spec/models/fitbit_goal_spec.rb": [
        1,
        null,
        1,
        2,
        null
      ],
      "/Users/tandoan/turing/FeedEngine/app/models/fitbit_goal.rb": [
        1,
        null,
        1,
        1,
        0,
        null,
        null,
        null,
        null,
        null,
        0,
        null,
        null,
        1,
        0,
        null,
        null,
        1,
        0,
        null,
        null,
        1,
        0,
        null,
        null,
        1,
        0,
        null,
        null,
        1,
        0,
        0,
        null,
        0,
        null,
        null,
        null,
        null
      ],
      "/Users/tandoan/turing/FeedEngine/spec/models/github_goal_spec.rb": [
        1,
        1,
        null,
        1,
        2,
        null,
        null,
        8,
        8,
        8,
        null,
        1,
        1,
        1,
        2,
        null,
        null,
        null,
        1,
        1,
        1,
        1,
        1,
        null,
        null,
        null,
        1,
        1,
        null,
        null,
        1,
        1,
        1,
        null,
        null,
        1,
        1,
        1,
        1,
        1,
        null,
        null,
        null,
        null,
        1,
        1,
        1,
        1,
        1,
        1,
        1,
        1,
        1,
        null,
        null,
        null
      ],
      "/Users/tandoan/turing/FeedEngine/spec/github_api_helper.rb": [

      ],
      "/Users/tandoan/turing/FeedEngine/app/models/github_goal.rb": [
        1,
        1,
        null,
        1,
        12,
        null,
        null,
        null,
        12,
        null,
        null,
        1,
        48,
        null,
        null,
        1,
        33,
        null,
        null,
        1,
        20,
        null,
        null,
        1,
        20,
        null,
        null,
        1,
        10,
        null,
        null,
        1,
        0,
        0,
        null,
        0,
        null,
        null,
        null,
        1,
        0,
        null,
        null,
        1,
        5,
        5,
        null,
        4,
        4,
        4,
        null,
        null,
        1,
        1,
        null,
        null,
        null,
        null,
        null,
        1,
        4,
        2,
        null,
        null,
        null,
        null
      ],
      "/Users/tandoan/turing/FeedEngine/spec/models/user_spec.rb": [
        1,
        2,
        2,
        2,
        2,
        null
      ],
      "/Users/tandoan/turing/FeedEngine/app/models/user.rb": [
        1,
        1,
        1,
        1,
        1,
        null,
        1,
        6,
        6,
        6,
        6,
        6,
        6,
        null,
        6,
        null,
        null,
        1,
        14,
        null,
        null,
        1,
        14,
        null,
        null,
        1,
        1,
        1,
        1,
        1,
        1,
        1,
        1,
        1,
        1,
        1,
        null,
        null,
        null,
        1,
        4,
        null,
        null,
        null
      ],
      "/Users/tandoan/turing/FeedEngine/spec/requests/fitbit_goal_spec.rb": [
        1,
        1,
        1,
        1,
        null,
        1,
        null,
        1,
        1,
        1,
        null,
        null,
        null,
        1,
        1,
        1,
        null,
        1,
        null,
        1,
        1,
        1,
        null,
        null
      ],
      "/Users/tandoan/turing/FeedEngine/spec/requests/github_goals_spec.rb": [
        null,
        1,
        1,
        1,
        null,
        1,
        null,
        1,
        1,
        1,
        null,
        null,
        1,
        1,
        null,
        1,
        null,
        1,
        1,
        1,
        null,
        null
      ],
      "/Users/tandoan/turing/FeedEngine/spec/requests/users_spec.rb": [
        1,
        1,
        1,
        null,
        1,
        null,
        1,
        1,
        1,
        null,
        null,
        1,
        1,
        null,
        1,
        null,
        1,
        1,
        1,
        null,
        null
      ],
      "/Users/tandoan/turing/FeedEngine/spec/workers/github_api_worker_spec.rb": [
        1,
        1,
        1,
        1,
        null,
        null
      ],
      "/Users/tandoan/turing/FeedEngine/app/workers/github_worker.rb": [
        1,
        1,
        1,
        null,
        1,
        0,
        0,
        0,
        0,
        null,
        null
      ],
      "/Users/tandoan/turing/FeedEngine/app/controllers/welcome_controller.rb": [
        1,
        1,
        null,
        null
      ],
      "/Users/tandoan/turing/FeedEngine/app/controllers/sessions_controller.rb": [
        1,
        1,
        6,
        6,
        6,
        6,
        null,
        null,
        1,
        0,
        0,
        0,
        null,
        null,
        1,
        1,
        null,
        null,
        null
      ],
      "/Users/tandoan/turing/FeedEngine/app/controllers/goals_controller.rb": [
        1,
        1,
        14,
        4,
        4,
        4,
        4,
        4,
        4,
        4,
        null,
        null,
        null,
        14,
        null,
        14,
        14,
        14,
        4,
        null,
        null,
        14,
        0,
        0,
        0,
        0,
        null,
        null,
        null
      ],
      "/Users/tandoan/turing/FeedEngine/app/models/oauth_account.rb": [
        1,
        1,
        null
      ],
      "/Users/tandoan/turing/FeedEngine/app/controllers/github_goals_controller.rb": [
        1,
        null,
        1,
        4,
        null,
        null,
        1,
        3,
        3,
        null,
        3,
        null,
        0,
        null,
        null,
        null,
        1,
        null,
        1,
        null,
        null,
        null,
        null,
        1,
        1,
        1,
        1,
        null,
        0,
        null,
        null,
        null,
        1,
        null,
        1,
        4,
        null,
        null
      ]
    },
    "timestamp": 1415894061
  }
}
